cpu-bind=MASK - bp1-compute197, task  0  0 [659839]: mask 0xff000000ff set

***** START *****
***** Confounder Handling Simulation Study - Simulation *****
Start Time: Wed Oct 2 15:18:03 BST 2024
Working Directory: /user/home/aa22294/Confounder-Handling-Sim-Study/R
JOB ID: 10304361
SLURM ARRAY ID:

Loading required package: dagitty
Loading required package: dplyr

Attaching package: 'dplyr'

The following objects are masked from 'package:stats':

    filter, lag

The following objects are masked from 'package:base':

    intersect, setdiff, setequal, union

Loading required package: ggcorrplot
Loading required package: ggplot2
Loading required package: glmnet
Loading required package: Matrix
Loaded glmnet 4.1-8
Loading required package: igraph

Attaching package: 'igraph'

The following objects are masked from 'package:dplyr':

    as_data_frame, groups, union

The following object is masked from 'package:dagitty':

    edges

The following objects are masked from 'package:stats':

    decompose, spectrum

The following object is masked from 'package:base':

    union

Loading required package: lars
Loaded lars 1.3

Loading required package: matrixStats

Attaching package: 'matrixStats'

The following object is masked from 'package:dplyr':

    count

Loading required package: microbenchmark
Loading required package: sjmisc
Loading required package: tidyr

Attaching package: 'tidyr'

The following object is masked from 'package:sjmisc':

    replace_na

The following object is masked from 'package:igraph':

    crossing

The following objects are masked from 'package:Matrix':

    expand, pack, unpack

[1] "running!"


Running Scenario 4, Iteration 1/1000



Running Scenario 4, Iteration 2/1000



Running Scenario 4, Iteration 3/1000



Running Scenario 4, Iteration 4/1000



Running Scenario 4, Iteration 5/1000



Running Scenario 4, Iteration 6/1000



Running Scenario 4, Iteration 7/1000



Running Scenario 4, Iteration 8/1000



Running Scenario 4, Iteration 9/1000



Running Scenario 4, Iteration 10/1000



Running Scenario 4, Iteration 11/1000



Running Scenario 4, Iteration 12/1000



Running Scenario 4, Iteration 13/1000



Running Scenario 4, Iteration 14/1000



Running Scenario 4, Iteration 15/1000



Running Scenario 4, Iteration 16/1000



Running Scenario 4, Iteration 17/1000



Running Scenario 4, Iteration 18/1000



Running Scenario 4, Iteration 19/1000



Running Scenario 4, Iteration 20/1000



Running Scenario 4, Iteration 21/1000



Running Scenario 4, Iteration 22/1000



Running Scenario 4, Iteration 23/1000



Running Scenario 4, Iteration 24/1000



Running Scenario 4, Iteration 25/1000



Running Scenario 4, Iteration 26/1000



Running Scenario 4, Iteration 27/1000



Running Scenario 4, Iteration 28/1000



Running Scenario 4, Iteration 29/1000



Running Scenario 4, Iteration 30/1000



Running Scenario 4, Iteration 31/1000



Running Scenario 4, Iteration 32/1000



Running Scenario 4, Iteration 33/1000



Running Scenario 4, Iteration 34/1000



Running Scenario 4, Iteration 35/1000



Running Scenario 4, Iteration 36/1000



Running Scenario 4, Iteration 37/1000



Running Scenario 4, Iteration 38/1000



Running Scenario 4, Iteration 39/1000



Running Scenario 4, Iteration 40/1000



Running Scenario 4, Iteration 41/1000



Running Scenario 4, Iteration 42/1000



Running Scenario 4, Iteration 43/1000



Running Scenario 4, Iteration 44/1000



Running Scenario 4, Iteration 45/1000



Running Scenario 4, Iteration 46/1000



Running Scenario 4, Iteration 47/1000



Running Scenario 4, Iteration 48/1000



Running Scenario 4, Iteration 49/1000



Running Scenario 4, Iteration 50/1000



Running Scenario 4, Iteration 51/1000



Running Scenario 4, Iteration 52/1000



Running Scenario 4, Iteration 53/1000



Running Scenario 4, Iteration 54/1000



Running Scenario 4, Iteration 55/1000



Running Scenario 4, Iteration 56/1000



Running Scenario 4, Iteration 57/1000



Running Scenario 4, Iteration 58/1000



Running Scenario 4, Iteration 59/1000



Running Scenario 4, Iteration 60/1000



Running Scenario 4, Iteration 61/1000



Running Scenario 4, Iteration 62/1000



Running Scenario 4, Iteration 63/1000



Running Scenario 4, Iteration 64/1000



Running Scenario 4, Iteration 65/1000



Running Scenario 4, Iteration 66/1000



Running Scenario 4, Iteration 67/1000



Running Scenario 4, Iteration 68/1000



Running Scenario 4, Iteration 69/1000



Running Scenario 4, Iteration 70/1000



Running Scenario 4, Iteration 71/1000



Running Scenario 4, Iteration 72/1000



Running Scenario 4, Iteration 73/1000



Running Scenario 4, Iteration 74/1000



Running Scenario 4, Iteration 75/1000



Running Scenario 4, Iteration 76/1000



Running Scenario 4, Iteration 77/1000



Running Scenario 4, Iteration 78/1000



Running Scenario 4, Iteration 79/1000



Running Scenario 4, Iteration 80/1000



Running Scenario 4, Iteration 81/1000



Running Scenario 4, Iteration 82/1000



Running Scenario 4, Iteration 83/1000



Running Scenario 4, Iteration 84/1000



Running Scenario 4, Iteration 85/1000



Running Scenario 4, Iteration 86/1000



Running Scenario 4, Iteration 87/1000



Running Scenario 4, Iteration 88/1000



Running Scenario 4, Iteration 89/1000



Running Scenario 4, Iteration 90/1000



Running Scenario 4, Iteration 91/1000



Running Scenario 4, Iteration 92/1000



Running Scenario 4, Iteration 93/1000



Running Scenario 4, Iteration 94/1000



Running Scenario 4, Iteration 95/1000



Running Scenario 4, Iteration 96/1000



Running Scenario 4, Iteration 97/1000



Running Scenario 4, Iteration 98/1000



Running Scenario 4, Iteration 99/1000



Running Scenario 4, Iteration 100/1000



Running Scenario 4, Iteration 101/1000



Running Scenario 4, Iteration 102/1000



Running Scenario 4, Iteration 103/1000



Running Scenario 4, Iteration 104/1000



Running Scenario 4, Iteration 105/1000



Running Scenario 4, Iteration 106/1000



Running Scenario 4, Iteration 107/1000



Running Scenario 4, Iteration 108/1000



Running Scenario 4, Iteration 109/1000



Running Scenario 4, Iteration 110/1000



Running Scenario 4, Iteration 111/1000



Running Scenario 4, Iteration 112/1000



Running Scenario 4, Iteration 113/1000



Running Scenario 4, Iteration 114/1000



Running Scenario 4, Iteration 115/1000



Running Scenario 4, Iteration 116/1000



Running Scenario 4, Iteration 117/1000



Running Scenario 4, Iteration 118/1000



Running Scenario 4, Iteration 119/1000



Running Scenario 4, Iteration 120/1000



Running Scenario 4, Iteration 121/1000



Running Scenario 4, Iteration 122/1000



Running Scenario 4, Iteration 123/1000



Running Scenario 4, Iteration 124/1000



Running Scenario 4, Iteration 125/1000



Running Scenario 4, Iteration 126/1000



Running Scenario 4, Iteration 127/1000



Running Scenario 4, Iteration 128/1000



Running Scenario 4, Iteration 129/1000



Running Scenario 4, Iteration 130/1000



Running Scenario 4, Iteration 131/1000



Running Scenario 4, Iteration 132/1000



Running Scenario 4, Iteration 133/1000



Running Scenario 4, Iteration 134/1000



Running Scenario 4, Iteration 135/1000



Running Scenario 4, Iteration 136/1000



Running Scenario 4, Iteration 137/1000



Running Scenario 4, Iteration 138/1000



Running Scenario 4, Iteration 139/1000



Running Scenario 4, Iteration 140/1000



Running Scenario 4, Iteration 141/1000



Running Scenario 4, Iteration 142/1000



Running Scenario 4, Iteration 143/1000



Running Scenario 4, Iteration 144/1000



Running Scenario 4, Iteration 145/1000



Running Scenario 4, Iteration 146/1000



Running Scenario 4, Iteration 147/1000



Running Scenario 4, Iteration 148/1000



Running Scenario 4, Iteration 149/1000



Running Scenario 4, Iteration 150/1000



Running Scenario 4, Iteration 151/1000



Running Scenario 4, Iteration 152/1000



Running Scenario 4, Iteration 153/1000



Running Scenario 4, Iteration 154/1000



Running Scenario 4, Iteration 155/1000



Running Scenario 4, Iteration 156/1000



Running Scenario 4, Iteration 157/1000



Running Scenario 4, Iteration 158/1000



Running Scenario 4, Iteration 159/1000



Running Scenario 4, Iteration 160/1000



Running Scenario 4, Iteration 161/1000



Running Scenario 4, Iteration 162/1000



Running Scenario 4, Iteration 163/1000



Running Scenario 4, Iteration 164/1000



Running Scenario 4, Iteration 165/1000



Running Scenario 4, Iteration 166/1000



Running Scenario 4, Iteration 167/1000



Running Scenario 4, Iteration 168/1000



Running Scenario 4, Iteration 169/1000



Running Scenario 4, Iteration 170/1000



Running Scenario 4, Iteration 171/1000



Running Scenario 4, Iteration 172/1000



Running Scenario 4, Iteration 173/1000



Running Scenario 4, Iteration 174/1000



Running Scenario 4, Iteration 175/1000



Running Scenario 4, Iteration 176/1000



Running Scenario 4, Iteration 177/1000



Running Scenario 4, Iteration 178/1000



Running Scenario 4, Iteration 179/1000



Running Scenario 4, Iteration 180/1000



Running Scenario 4, Iteration 181/1000



Running Scenario 4, Iteration 182/1000



Running Scenario 4, Iteration 183/1000



Running Scenario 4, Iteration 184/1000



Running Scenario 4, Iteration 185/1000



Running Scenario 4, Iteration 186/1000



Running Scenario 4, Iteration 187/1000



Running Scenario 4, Iteration 188/1000



Running Scenario 4, Iteration 189/1000



Running Scenario 4, Iteration 190/1000



Running Scenario 4, Iteration 191/1000



Running Scenario 4, Iteration 192/1000



Running Scenario 4, Iteration 193/1000



Running Scenario 4, Iteration 194/1000



Running Scenario 4, Iteration 195/1000



Running Scenario 4, Iteration 196/1000



Running Scenario 4, Iteration 197/1000



Running Scenario 4, Iteration 198/1000



Running Scenario 4, Iteration 199/1000



Running Scenario 4, Iteration 200/1000



Running Scenario 4, Iteration 201/1000



Running Scenario 4, Iteration 202/1000



Running Scenario 4, Iteration 203/1000



Running Scenario 4, Iteration 204/1000



Running Scenario 4, Iteration 205/1000



Running Scenario 4, Iteration 206/1000



Running Scenario 4, Iteration 207/1000



Running Scenario 4, Iteration 208/1000



Running Scenario 4, Iteration 209/1000



Running Scenario 4, Iteration 210/1000



Running Scenario 4, Iteration 211/1000



Running Scenario 4, Iteration 212/1000



Running Scenario 4, Iteration 213/1000



Running Scenario 4, Iteration 214/1000



Running Scenario 4, Iteration 215/1000



Running Scenario 4, Iteration 216/1000



Running Scenario 4, Iteration 217/1000



Running Scenario 4, Iteration 218/1000



Running Scenario 4, Iteration 219/1000



Running Scenario 4, Iteration 220/1000



Running Scenario 4, Iteration 221/1000



Running Scenario 4, Iteration 222/1000



Running Scenario 4, Iteration 223/1000



Running Scenario 4, Iteration 224/1000



Running Scenario 4, Iteration 225/1000



Running Scenario 4, Iteration 226/1000



Running Scenario 4, Iteration 227/1000



Running Scenario 4, Iteration 228/1000



Running Scenario 4, Iteration 229/1000



Running Scenario 4, Iteration 230/1000



Running Scenario 4, Iteration 231/1000



Running Scenario 4, Iteration 232/1000



Running Scenario 4, Iteration 233/1000



Running Scenario 4, Iteration 234/1000



Running Scenario 4, Iteration 235/1000



Running Scenario 4, Iteration 236/1000



Running Scenario 4, Iteration 237/1000



Running Scenario 4, Iteration 238/1000



Running Scenario 4, Iteration 239/1000



Running Scenario 4, Iteration 240/1000



Running Scenario 4, Iteration 241/1000



Running Scenario 4, Iteration 242/1000



Running Scenario 4, Iteration 243/1000



Running Scenario 4, Iteration 244/1000



Running Scenario 4, Iteration 245/1000



Running Scenario 4, Iteration 246/1000



Running Scenario 4, Iteration 247/1000



Running Scenario 4, Iteration 248/1000



Running Scenario 4, Iteration 249/1000



Running Scenario 4, Iteration 250/1000



Running Scenario 4, Iteration 251/1000



Running Scenario 4, Iteration 252/1000



Running Scenario 4, Iteration 253/1000



Running Scenario 4, Iteration 254/1000



Running Scenario 4, Iteration 255/1000



Running Scenario 4, Iteration 256/1000



Running Scenario 4, Iteration 257/1000



Running Scenario 4, Iteration 258/1000



Running Scenario 4, Iteration 259/1000



Running Scenario 4, Iteration 260/1000



Running Scenario 4, Iteration 261/1000



Running Scenario 4, Iteration 262/1000



Running Scenario 4, Iteration 263/1000



Running Scenario 4, Iteration 264/1000



Running Scenario 4, Iteration 265/1000



Running Scenario 4, Iteration 266/1000



Running Scenario 4, Iteration 267/1000



Running Scenario 4, Iteration 268/1000



Running Scenario 4, Iteration 269/1000



Running Scenario 4, Iteration 270/1000



Running Scenario 4, Iteration 271/1000



Running Scenario 4, Iteration 272/1000



Running Scenario 4, Iteration 273/1000



Running Scenario 4, Iteration 274/1000



Running Scenario 4, Iteration 275/1000



Running Scenario 4, Iteration 276/1000



Running Scenario 4, Iteration 277/1000



Running Scenario 4, Iteration 278/1000



Running Scenario 4, Iteration 279/1000



Running Scenario 4, Iteration 280/1000



Running Scenario 4, Iteration 281/1000



Running Scenario 4, Iteration 282/1000



Running Scenario 4, Iteration 283/1000



Running Scenario 4, Iteration 284/1000



Running Scenario 4, Iteration 285/1000



Running Scenario 4, Iteration 286/1000



Running Scenario 4, Iteration 287/1000



Running Scenario 4, Iteration 288/1000



Running Scenario 4, Iteration 289/1000



Running Scenario 4, Iteration 290/1000



Running Scenario 4, Iteration 291/1000



Running Scenario 4, Iteration 292/1000



Running Scenario 4, Iteration 293/1000



Running Scenario 4, Iteration 294/1000



Running Scenario 4, Iteration 295/1000



Running Scenario 4, Iteration 296/1000



Running Scenario 4, Iteration 297/1000



Running Scenario 4, Iteration 298/1000



Running Scenario 4, Iteration 299/1000



Running Scenario 4, Iteration 300/1000



Running Scenario 4, Iteration 301/1000



Running Scenario 4, Iteration 302/1000



Running Scenario 4, Iteration 303/1000



Running Scenario 4, Iteration 304/1000



Running Scenario 4, Iteration 305/1000



Running Scenario 4, Iteration 306/1000



Running Scenario 4, Iteration 307/1000



Running Scenario 4, Iteration 308/1000



Running Scenario 4, Iteration 309/1000



Running Scenario 4, Iteration 310/1000



Running Scenario 4, Iteration 311/1000



Running Scenario 4, Iteration 312/1000



Running Scenario 4, Iteration 313/1000



Running Scenario 4, Iteration 314/1000



Running Scenario 4, Iteration 315/1000



Running Scenario 4, Iteration 316/1000



Running Scenario 4, Iteration 317/1000



Running Scenario 4, Iteration 318/1000



Running Scenario 4, Iteration 319/1000



Running Scenario 4, Iteration 320/1000



Running Scenario 4, Iteration 321/1000



Running Scenario 4, Iteration 322/1000



Running Scenario 4, Iteration 323/1000



Running Scenario 4, Iteration 324/1000



Running Scenario 4, Iteration 325/1000



Running Scenario 4, Iteration 326/1000



Running Scenario 4, Iteration 327/1000



Running Scenario 4, Iteration 328/1000



Running Scenario 4, Iteration 329/1000



Running Scenario 4, Iteration 330/1000



Running Scenario 4, Iteration 331/1000



Running Scenario 4, Iteration 332/1000



Running Scenario 4, Iteration 333/1000



Running Scenario 4, Iteration 334/1000



Running Scenario 4, Iteration 335/1000



Running Scenario 4, Iteration 336/1000



Running Scenario 4, Iteration 337/1000



Running Scenario 4, Iteration 338/1000



Running Scenario 4, Iteration 339/1000



Running Scenario 4, Iteration 340/1000



Running Scenario 4, Iteration 341/1000



Running Scenario 4, Iteration 342/1000



Running Scenario 4, Iteration 343/1000



Running Scenario 4, Iteration 344/1000



Running Scenario 4, Iteration 345/1000



Running Scenario 4, Iteration 346/1000



Running Scenario 4, Iteration 347/1000



Running Scenario 4, Iteration 348/1000



Running Scenario 4, Iteration 349/1000



Running Scenario 4, Iteration 350/1000



Running Scenario 4, Iteration 351/1000



Running Scenario 4, Iteration 352/1000



Running Scenario 4, Iteration 353/1000



Running Scenario 4, Iteration 354/1000



Running Scenario 4, Iteration 355/1000



Running Scenario 4, Iteration 356/1000



Running Scenario 4, Iteration 357/1000



Running Scenario 4, Iteration 358/1000



Running Scenario 4, Iteration 359/1000



Running Scenario 4, Iteration 360/1000



Running Scenario 4, Iteration 361/1000



Running Scenario 4, Iteration 362/1000



Running Scenario 4, Iteration 363/1000



Running Scenario 4, Iteration 364/1000



Running Scenario 4, Iteration 365/1000



Running Scenario 4, Iteration 366/1000



Running Scenario 4, Iteration 367/1000



Running Scenario 4, Iteration 368/1000



Running Scenario 4, Iteration 369/1000



Running Scenario 4, Iteration 370/1000



Running Scenario 4, Iteration 371/1000



Running Scenario 4, Iteration 372/1000



Running Scenario 4, Iteration 373/1000



Running Scenario 4, Iteration 374/1000



Running Scenario 4, Iteration 375/1000



Running Scenario 4, Iteration 376/1000



Running Scenario 4, Iteration 377/1000



Running Scenario 4, Iteration 378/1000



Running Scenario 4, Iteration 379/1000



Running Scenario 4, Iteration 380/1000



Running Scenario 4, Iteration 381/1000



Running Scenario 4, Iteration 382/1000



Running Scenario 4, Iteration 383/1000



Running Scenario 4, Iteration 384/1000



Running Scenario 4, Iteration 385/1000



Running Scenario 4, Iteration 386/1000



Running Scenario 4, Iteration 387/1000



Running Scenario 4, Iteration 388/1000



Running Scenario 4, Iteration 389/1000



Running Scenario 4, Iteration 390/1000



Running Scenario 4, Iteration 391/1000



Running Scenario 4, Iteration 392/1000



Running Scenario 4, Iteration 393/1000



Running Scenario 4, Iteration 394/1000



Running Scenario 4, Iteration 395/1000



Running Scenario 4, Iteration 396/1000



Running Scenario 4, Iteration 397/1000



Running Scenario 4, Iteration 398/1000



Running Scenario 4, Iteration 399/1000



Running Scenario 4, Iteration 400/1000



Running Scenario 4, Iteration 401/1000



Running Scenario 4, Iteration 402/1000



Running Scenario 4, Iteration 403/1000



Running Scenario 4, Iteration 404/1000



Running Scenario 4, Iteration 405/1000



Running Scenario 4, Iteration 406/1000



Running Scenario 4, Iteration 407/1000



Running Scenario 4, Iteration 408/1000



Running Scenario 4, Iteration 409/1000



Running Scenario 4, Iteration 410/1000



Running Scenario 4, Iteration 411/1000



Running Scenario 4, Iteration 412/1000



Running Scenario 4, Iteration 413/1000



Running Scenario 4, Iteration 414/1000



Running Scenario 4, Iteration 415/1000



Running Scenario 4, Iteration 416/1000



Running Scenario 4, Iteration 417/1000



Running Scenario 4, Iteration 418/1000



Running Scenario 4, Iteration 419/1000



Running Scenario 4, Iteration 420/1000



Running Scenario 4, Iteration 421/1000



Running Scenario 4, Iteration 422/1000



Running Scenario 4, Iteration 423/1000



Running Scenario 4, Iteration 424/1000



Running Scenario 4, Iteration 425/1000



Running Scenario 4, Iteration 426/1000



Running Scenario 4, Iteration 427/1000



Running Scenario 4, Iteration 428/1000



Running Scenario 4, Iteration 429/1000



Running Scenario 4, Iteration 430/1000



Running Scenario 4, Iteration 431/1000



Running Scenario 4, Iteration 432/1000



Running Scenario 4, Iteration 433/1000



Running Scenario 4, Iteration 434/1000



Running Scenario 4, Iteration 435/1000



Running Scenario 4, Iteration 436/1000



Running Scenario 4, Iteration 437/1000



Running Scenario 4, Iteration 438/1000



Running Scenario 4, Iteration 439/1000



Running Scenario 4, Iteration 440/1000



Running Scenario 4, Iteration 441/1000



Running Scenario 4, Iteration 442/1000



Running Scenario 4, Iteration 443/1000



Running Scenario 4, Iteration 444/1000



Running Scenario 4, Iteration 445/1000



Running Scenario 4, Iteration 446/1000



Running Scenario 4, Iteration 447/1000



Running Scenario 4, Iteration 448/1000



Running Scenario 4, Iteration 449/1000



Running Scenario 4, Iteration 450/1000



Running Scenario 4, Iteration 451/1000



Running Scenario 4, Iteration 452/1000



Running Scenario 4, Iteration 453/1000



Running Scenario 4, Iteration 454/1000



Running Scenario 4, Iteration 455/1000



Running Scenario 4, Iteration 456/1000



Running Scenario 4, Iteration 457/1000



Running Scenario 4, Iteration 458/1000



Running Scenario 4, Iteration 459/1000



Running Scenario 4, Iteration 460/1000



Running Scenario 4, Iteration 461/1000



Running Scenario 4, Iteration 462/1000



Running Scenario 4, Iteration 463/1000



Running Scenario 4, Iteration 464/1000



Running Scenario 4, Iteration 465/1000



Running Scenario 4, Iteration 466/1000



Running Scenario 4, Iteration 467/1000



Running Scenario 4, Iteration 468/1000



Running Scenario 4, Iteration 469/1000



Running Scenario 4, Iteration 470/1000



Running Scenario 4, Iteration 471/1000



Running Scenario 4, Iteration 472/1000



Running Scenario 4, Iteration 473/1000



Running Scenario 4, Iteration 474/1000



Running Scenario 4, Iteration 475/1000



Running Scenario 4, Iteration 476/1000



Running Scenario 4, Iteration 477/1000



Running Scenario 4, Iteration 478/1000



Running Scenario 4, Iteration 479/1000



Running Scenario 4, Iteration 480/1000



Running Scenario 4, Iteration 481/1000



Running Scenario 4, Iteration 482/1000



Running Scenario 4, Iteration 483/1000



Running Scenario 4, Iteration 484/1000



Running Scenario 4, Iteration 485/1000



Running Scenario 4, Iteration 486/1000



Running Scenario 4, Iteration 487/1000



Running Scenario 4, Iteration 488/1000



Running Scenario 4, Iteration 489/1000



Running Scenario 4, Iteration 490/1000



Running Scenario 4, Iteration 491/1000



Running Scenario 4, Iteration 492/1000



Running Scenario 4, Iteration 493/1000



Running Scenario 4, Iteration 494/1000



Running Scenario 4, Iteration 495/1000



Running Scenario 4, Iteration 496/1000



Running Scenario 4, Iteration 497/1000



Running Scenario 4, Iteration 498/1000



Running Scenario 4, Iteration 499/1000



Running Scenario 4, Iteration 500/1000



Running Scenario 4, Iteration 501/1000



Running Scenario 4, Iteration 502/1000



Running Scenario 4, Iteration 503/1000



Running Scenario 4, Iteration 504/1000



Running Scenario 4, Iteration 505/1000



Running Scenario 4, Iteration 506/1000



Running Scenario 4, Iteration 507/1000



Running Scenario 4, Iteration 508/1000



Running Scenario 4, Iteration 509/1000



Running Scenario 4, Iteration 510/1000



Running Scenario 4, Iteration 511/1000



Running Scenario 4, Iteration 512/1000



Running Scenario 4, Iteration 513/1000



Running Scenario 4, Iteration 514/1000



Running Scenario 4, Iteration 515/1000



Running Scenario 4, Iteration 516/1000



Running Scenario 4, Iteration 517/1000



Running Scenario 4, Iteration 518/1000



Running Scenario 4, Iteration 519/1000



Running Scenario 4, Iteration 520/1000



Running Scenario 4, Iteration 521/1000



Running Scenario 4, Iteration 522/1000



Running Scenario 4, Iteration 523/1000



Running Scenario 4, Iteration 524/1000



Running Scenario 4, Iteration 525/1000



Running Scenario 4, Iteration 526/1000



Running Scenario 4, Iteration 527/1000



Running Scenario 4, Iteration 528/1000



Running Scenario 4, Iteration 529/1000



Running Scenario 4, Iteration 530/1000



Running Scenario 4, Iteration 531/1000



Running Scenario 4, Iteration 532/1000



Running Scenario 4, Iteration 533/1000



Running Scenario 4, Iteration 534/1000



Running Scenario 4, Iteration 535/1000



Running Scenario 4, Iteration 536/1000



Running Scenario 4, Iteration 537/1000



Running Scenario 4, Iteration 538/1000



Running Scenario 4, Iteration 539/1000



Running Scenario 4, Iteration 540/1000



Running Scenario 4, Iteration 541/1000



Running Scenario 4, Iteration 542/1000



Running Scenario 4, Iteration 543/1000



Running Scenario 4, Iteration 544/1000



Running Scenario 4, Iteration 545/1000



Running Scenario 4, Iteration 546/1000



Running Scenario 4, Iteration 547/1000



Running Scenario 4, Iteration 548/1000



Running Scenario 4, Iteration 549/1000



Running Scenario 4, Iteration 550/1000



Running Scenario 4, Iteration 551/1000



Running Scenario 4, Iteration 552/1000



Running Scenario 4, Iteration 553/1000



Running Scenario 4, Iteration 554/1000



Running Scenario 4, Iteration 555/1000



Running Scenario 4, Iteration 556/1000



Running Scenario 4, Iteration 557/1000



Running Scenario 4, Iteration 558/1000



Running Scenario 4, Iteration 559/1000



Running Scenario 4, Iteration 560/1000



Running Scenario 4, Iteration 561/1000



Running Scenario 4, Iteration 562/1000



Running Scenario 4, Iteration 563/1000



Running Scenario 4, Iteration 564/1000



Running Scenario 4, Iteration 565/1000



Running Scenario 4, Iteration 566/1000



Running Scenario 4, Iteration 567/1000



Running Scenario 4, Iteration 568/1000



Running Scenario 4, Iteration 569/1000



Running Scenario 4, Iteration 570/1000



Running Scenario 4, Iteration 571/1000



Running Scenario 4, Iteration 572/1000



Running Scenario 4, Iteration 573/1000



Running Scenario 4, Iteration 574/1000



Running Scenario 4, Iteration 575/1000



Running Scenario 4, Iteration 576/1000



Running Scenario 4, Iteration 577/1000



Running Scenario 4, Iteration 578/1000



Running Scenario 4, Iteration 579/1000



Running Scenario 4, Iteration 580/1000



Running Scenario 4, Iteration 581/1000



Running Scenario 4, Iteration 582/1000



Running Scenario 4, Iteration 583/1000



Running Scenario 4, Iteration 584/1000



Running Scenario 4, Iteration 585/1000



Running Scenario 4, Iteration 586/1000



Running Scenario 4, Iteration 587/1000



Running Scenario 4, Iteration 588/1000



Running Scenario 4, Iteration 589/1000



Running Scenario 4, Iteration 590/1000



Running Scenario 4, Iteration 591/1000



Running Scenario 4, Iteration 592/1000



Running Scenario 4, Iteration 593/1000



Running Scenario 4, Iteration 594/1000



Running Scenario 4, Iteration 595/1000



Running Scenario 4, Iteration 596/1000



Running Scenario 4, Iteration 597/1000



Running Scenario 4, Iteration 598/1000



Running Scenario 4, Iteration 599/1000



Running Scenario 4, Iteration 600/1000



Running Scenario 4, Iteration 601/1000



Running Scenario 4, Iteration 602/1000



Running Scenario 4, Iteration 603/1000



Running Scenario 4, Iteration 604/1000



Running Scenario 4, Iteration 605/1000



Running Scenario 4, Iteration 606/1000



Running Scenario 4, Iteration 607/1000



Running Scenario 4, Iteration 608/1000



Running Scenario 4, Iteration 609/1000



Running Scenario 4, Iteration 610/1000



Running Scenario 4, Iteration 611/1000



Running Scenario 4, Iteration 612/1000



Running Scenario 4, Iteration 613/1000



Running Scenario 4, Iteration 614/1000



Running Scenario 4, Iteration 615/1000



Running Scenario 4, Iteration 616/1000



Running Scenario 4, Iteration 617/1000



Running Scenario 4, Iteration 618/1000



Running Scenario 4, Iteration 619/1000



Running Scenario 4, Iteration 620/1000



Running Scenario 4, Iteration 621/1000



Running Scenario 4, Iteration 622/1000



Running Scenario 4, Iteration 623/1000



Running Scenario 4, Iteration 624/1000



Running Scenario 4, Iteration 625/1000



Running Scenario 4, Iteration 626/1000



Running Scenario 4, Iteration 627/1000



Running Scenario 4, Iteration 628/1000



Running Scenario 4, Iteration 629/1000



Running Scenario 4, Iteration 630/1000



Running Scenario 4, Iteration 631/1000



Running Scenario 4, Iteration 632/1000



Running Scenario 4, Iteration 633/1000



Running Scenario 4, Iteration 634/1000



Running Scenario 4, Iteration 635/1000



Running Scenario 4, Iteration 636/1000



Running Scenario 4, Iteration 637/1000



Running Scenario 4, Iteration 638/1000



Running Scenario 4, Iteration 639/1000



Running Scenario 4, Iteration 640/1000



Running Scenario 4, Iteration 641/1000



Running Scenario 4, Iteration 642/1000



Running Scenario 4, Iteration 643/1000



Running Scenario 4, Iteration 644/1000



Running Scenario 4, Iteration 645/1000



Running Scenario 4, Iteration 646/1000



Running Scenario 4, Iteration 647/1000



Running Scenario 4, Iteration 648/1000



Running Scenario 4, Iteration 649/1000



Running Scenario 4, Iteration 650/1000



Running Scenario 4, Iteration 651/1000



Running Scenario 4, Iteration 652/1000



Running Scenario 4, Iteration 653/1000



Running Scenario 4, Iteration 654/1000



Running Scenario 4, Iteration 655/1000



Running Scenario 4, Iteration 656/1000



Running Scenario 4, Iteration 657/1000



Running Scenario 4, Iteration 658/1000



Running Scenario 4, Iteration 659/1000



Running Scenario 4, Iteration 660/1000



Running Scenario 4, Iteration 661/1000



Running Scenario 4, Iteration 662/1000



Running Scenario 4, Iteration 663/1000



Running Scenario 4, Iteration 664/1000



Running Scenario 4, Iteration 665/1000



Running Scenario 4, Iteration 666/1000



Running Scenario 4, Iteration 667/1000



Running Scenario 4, Iteration 668/1000



Running Scenario 4, Iteration 669/1000



Running Scenario 4, Iteration 670/1000



Running Scenario 4, Iteration 671/1000



Running Scenario 4, Iteration 672/1000



Running Scenario 4, Iteration 673/1000



Running Scenario 4, Iteration 674/1000



Running Scenario 4, Iteration 675/1000



Running Scenario 4, Iteration 676/1000



Running Scenario 4, Iteration 677/1000



Running Scenario 4, Iteration 678/1000



Running Scenario 4, Iteration 679/1000



Running Scenario 4, Iteration 680/1000



Running Scenario 4, Iteration 681/1000



Running Scenario 4, Iteration 682/1000



Running Scenario 4, Iteration 683/1000



Running Scenario 4, Iteration 684/1000



Running Scenario 4, Iteration 685/1000



Running Scenario 4, Iteration 686/1000



Running Scenario 4, Iteration 687/1000



Running Scenario 4, Iteration 688/1000



Running Scenario 4, Iteration 689/1000



Running Scenario 4, Iteration 690/1000



Running Scenario 4, Iteration 691/1000



Running Scenario 4, Iteration 692/1000



Running Scenario 4, Iteration 693/1000



Running Scenario 4, Iteration 694/1000



Running Scenario 4, Iteration 695/1000



Running Scenario 4, Iteration 696/1000



Running Scenario 4, Iteration 697/1000



Running Scenario 4, Iteration 698/1000



Running Scenario 4, Iteration 699/1000



Running Scenario 4, Iteration 700/1000



Running Scenario 4, Iteration 701/1000



Running Scenario 4, Iteration 702/1000



Running Scenario 4, Iteration 703/1000



Running Scenario 4, Iteration 704/1000



Running Scenario 4, Iteration 705/1000



Running Scenario 4, Iteration 706/1000



Running Scenario 4, Iteration 707/1000



Running Scenario 4, Iteration 708/1000



Running Scenario 4, Iteration 709/1000



Running Scenario 4, Iteration 710/1000



Running Scenario 4, Iteration 711/1000



Running Scenario 4, Iteration 712/1000



Running Scenario 4, Iteration 713/1000



Running Scenario 4, Iteration 714/1000



Running Scenario 4, Iteration 715/1000



Running Scenario 4, Iteration 716/1000



Running Scenario 4, Iteration 717/1000



Running Scenario 4, Iteration 718/1000



Running Scenario 4, Iteration 719/1000



Running Scenario 4, Iteration 720/1000



Running Scenario 4, Iteration 721/1000



Running Scenario 4, Iteration 722/1000



Running Scenario 4, Iteration 723/1000



Running Scenario 4, Iteration 724/1000



Running Scenario 4, Iteration 725/1000



Running Scenario 4, Iteration 726/1000



Running Scenario 4, Iteration 727/1000



Running Scenario 4, Iteration 728/1000



Running Scenario 4, Iteration 729/1000



Running Scenario 4, Iteration 730/1000



Running Scenario 4, Iteration 731/1000



Running Scenario 4, Iteration 732/1000



Running Scenario 4, Iteration 733/1000



Running Scenario 4, Iteration 734/1000



Running Scenario 4, Iteration 735/1000



Running Scenario 4, Iteration 736/1000



Running Scenario 4, Iteration 737/1000



Running Scenario 4, Iteration 738/1000



Running Scenario 4, Iteration 739/1000



Running Scenario 4, Iteration 740/1000



Running Scenario 4, Iteration 741/1000



Running Scenario 4, Iteration 742/1000



Running Scenario 4, Iteration 743/1000



Running Scenario 4, Iteration 744/1000



Running Scenario 4, Iteration 745/1000



Running Scenario 4, Iteration 746/1000



Running Scenario 4, Iteration 747/1000



Running Scenario 4, Iteration 748/1000



Running Scenario 4, Iteration 749/1000



Running Scenario 4, Iteration 750/1000



Running Scenario 4, Iteration 751/1000



Running Scenario 4, Iteration 752/1000



Running Scenario 4, Iteration 753/1000



Running Scenario 4, Iteration 754/1000



Running Scenario 4, Iteration 755/1000



Running Scenario 4, Iteration 756/1000



Running Scenario 4, Iteration 757/1000



Running Scenario 4, Iteration 758/1000



Running Scenario 4, Iteration 759/1000



Running Scenario 4, Iteration 760/1000



Running Scenario 4, Iteration 761/1000



Running Scenario 4, Iteration 762/1000



Running Scenario 4, Iteration 763/1000



Running Scenario 4, Iteration 764/1000



Running Scenario 4, Iteration 765/1000



Running Scenario 4, Iteration 766/1000



Running Scenario 4, Iteration 767/1000



Running Scenario 4, Iteration 768/1000



Running Scenario 4, Iteration 769/1000



Running Scenario 4, Iteration 770/1000



Running Scenario 4, Iteration 771/1000



Running Scenario 4, Iteration 772/1000



Running Scenario 4, Iteration 773/1000



Running Scenario 4, Iteration 774/1000



Running Scenario 4, Iteration 775/1000



Running Scenario 4, Iteration 776/1000



Running Scenario 4, Iteration 777/1000



Running Scenario 4, Iteration 778/1000



Running Scenario 4, Iteration 779/1000



Running Scenario 4, Iteration 780/1000



Running Scenario 4, Iteration 781/1000



Running Scenario 4, Iteration 782/1000



Running Scenario 4, Iteration 783/1000



Running Scenario 4, Iteration 784/1000



Running Scenario 4, Iteration 785/1000



Running Scenario 4, Iteration 786/1000



Running Scenario 4, Iteration 787/1000



Running Scenario 4, Iteration 788/1000



Running Scenario 4, Iteration 789/1000



Running Scenario 4, Iteration 790/1000



Running Scenario 4, Iteration 791/1000



Running Scenario 4, Iteration 792/1000



Running Scenario 4, Iteration 793/1000



Running Scenario 4, Iteration 794/1000



Running Scenario 4, Iteration 795/1000



Running Scenario 4, Iteration 796/1000



Running Scenario 4, Iteration 797/1000



Running Scenario 4, Iteration 798/1000



Running Scenario 4, Iteration 799/1000



Running Scenario 4, Iteration 800/1000



Running Scenario 4, Iteration 801/1000



Running Scenario 4, Iteration 802/1000



Running Scenario 4, Iteration 803/1000



Running Scenario 4, Iteration 804/1000



Running Scenario 4, Iteration 805/1000



Running Scenario 4, Iteration 806/1000



Running Scenario 4, Iteration 807/1000



Running Scenario 4, Iteration 808/1000



Running Scenario 4, Iteration 809/1000



Running Scenario 4, Iteration 810/1000



Running Scenario 4, Iteration 811/1000



Running Scenario 4, Iteration 812/1000



Running Scenario 4, Iteration 813/1000



Running Scenario 4, Iteration 814/1000



Running Scenario 4, Iteration 815/1000



Running Scenario 4, Iteration 816/1000



Running Scenario 4, Iteration 817/1000



Running Scenario 4, Iteration 818/1000



Running Scenario 4, Iteration 819/1000



Running Scenario 4, Iteration 820/1000



Running Scenario 4, Iteration 821/1000



Running Scenario 4, Iteration 822/1000



Running Scenario 4, Iteration 823/1000



Running Scenario 4, Iteration 824/1000



Running Scenario 4, Iteration 825/1000



Running Scenario 4, Iteration 826/1000



Running Scenario 4, Iteration 827/1000



Running Scenario 4, Iteration 828/1000



Running Scenario 4, Iteration 829/1000



Running Scenario 4, Iteration 830/1000



Running Scenario 4, Iteration 831/1000



Running Scenario 4, Iteration 832/1000



Running Scenario 4, Iteration 833/1000



Running Scenario 4, Iteration 834/1000



Running Scenario 4, Iteration 835/1000



Running Scenario 4, Iteration 836/1000



Running Scenario 4, Iteration 837/1000



Running Scenario 4, Iteration 838/1000



Running Scenario 4, Iteration 839/1000



Running Scenario 4, Iteration 840/1000



Running Scenario 4, Iteration 841/1000



Running Scenario 4, Iteration 842/1000



Running Scenario 4, Iteration 843/1000



Running Scenario 4, Iteration 844/1000



Running Scenario 4, Iteration 845/1000



Running Scenario 4, Iteration 846/1000



Running Scenario 4, Iteration 847/1000



Running Scenario 4, Iteration 848/1000



Running Scenario 4, Iteration 849/1000



Running Scenario 4, Iteration 850/1000



Running Scenario 4, Iteration 851/1000



Running Scenario 4, Iteration 852/1000



Running Scenario 4, Iteration 853/1000



Running Scenario 4, Iteration 854/1000



Running Scenario 4, Iteration 855/1000



Running Scenario 4, Iteration 856/1000



Running Scenario 4, Iteration 857/1000



Running Scenario 4, Iteration 858/1000



Running Scenario 4, Iteration 859/1000



Running Scenario 4, Iteration 860/1000



Running Scenario 4, Iteration 861/1000



Running Scenario 4, Iteration 862/1000



Running Scenario 4, Iteration 863/1000



Running Scenario 4, Iteration 864/1000



Running Scenario 4, Iteration 865/1000



Running Scenario 4, Iteration 866/1000



Running Scenario 4, Iteration 867/1000



Running Scenario 4, Iteration 868/1000



Running Scenario 4, Iteration 869/1000



Running Scenario 4, Iteration 870/1000



Running Scenario 4, Iteration 871/1000



Running Scenario 4, Iteration 872/1000



Running Scenario 4, Iteration 873/1000



Running Scenario 4, Iteration 874/1000



Running Scenario 4, Iteration 875/1000



Running Scenario 4, Iteration 876/1000



Running Scenario 4, Iteration 877/1000



Running Scenario 4, Iteration 878/1000



Running Scenario 4, Iteration 879/1000



Running Scenario 4, Iteration 880/1000



Running Scenario 4, Iteration 881/1000



Running Scenario 4, Iteration 882/1000



Running Scenario 4, Iteration 883/1000



Running Scenario 4, Iteration 884/1000



Running Scenario 4, Iteration 885/1000



Running Scenario 4, Iteration 886/1000



Running Scenario 4, Iteration 887/1000



Running Scenario 4, Iteration 888/1000



Running Scenario 4, Iteration 889/1000



Running Scenario 4, Iteration 890/1000



Running Scenario 4, Iteration 891/1000



Running Scenario 4, Iteration 892/1000



Running Scenario 4, Iteration 893/1000



Running Scenario 4, Iteration 894/1000



Running Scenario 4, Iteration 895/1000



Running Scenario 4, Iteration 896/1000



Running Scenario 4, Iteration 897/1000



Running Scenario 4, Iteration 898/1000



Running Scenario 4, Iteration 899/1000



Running Scenario 4, Iteration 900/1000



Running Scenario 4, Iteration 901/1000



Running Scenario 4, Iteration 902/1000



Running Scenario 4, Iteration 903/1000



Running Scenario 4, Iteration 904/1000



Running Scenario 4, Iteration 905/1000



Running Scenario 4, Iteration 906/1000



Running Scenario 4, Iteration 907/1000



Running Scenario 4, Iteration 908/1000



Running Scenario 4, Iteration 909/1000



Running Scenario 4, Iteration 910/1000



Running Scenario 4, Iteration 911/1000



Running Scenario 4, Iteration 912/1000



Running Scenario 4, Iteration 913/1000



Running Scenario 4, Iteration 914/1000



Running Scenario 4, Iteration 915/1000



Running Scenario 4, Iteration 916/1000



Running Scenario 4, Iteration 917/1000



Running Scenario 4, Iteration 918/1000



Running Scenario 4, Iteration 919/1000



Running Scenario 4, Iteration 920/1000



Running Scenario 4, Iteration 921/1000



Running Scenario 4, Iteration 922/1000



Running Scenario 4, Iteration 923/1000



Running Scenario 4, Iteration 924/1000



Running Scenario 4, Iteration 925/1000



Running Scenario 4, Iteration 926/1000



Running Scenario 4, Iteration 927/1000



Running Scenario 4, Iteration 928/1000



Running Scenario 4, Iteration 929/1000



Running Scenario 4, Iteration 930/1000



Running Scenario 4, Iteration 931/1000



Running Scenario 4, Iteration 932/1000



Running Scenario 4, Iteration 933/1000



Running Scenario 4, Iteration 934/1000



Running Scenario 4, Iteration 935/1000



Running Scenario 4, Iteration 936/1000



Running Scenario 4, Iteration 937/1000



Running Scenario 4, Iteration 938/1000



Running Scenario 4, Iteration 939/1000



Running Scenario 4, Iteration 940/1000



Running Scenario 4, Iteration 941/1000



Running Scenario 4, Iteration 942/1000



Running Scenario 4, Iteration 943/1000



Running Scenario 4, Iteration 944/1000



Running Scenario 4, Iteration 945/1000



Running Scenario 4, Iteration 946/1000



Running Scenario 4, Iteration 947/1000



Running Scenario 4, Iteration 948/1000



Running Scenario 4, Iteration 949/1000



Running Scenario 4, Iteration 950/1000



Running Scenario 4, Iteration 951/1000



Running Scenario 4, Iteration 952/1000



Running Scenario 4, Iteration 953/1000



Running Scenario 4, Iteration 954/1000



Running Scenario 4, Iteration 955/1000



Running Scenario 4, Iteration 956/1000



Running Scenario 4, Iteration 957/1000



Running Scenario 4, Iteration 958/1000



Running Scenario 4, Iteration 959/1000



Running Scenario 4, Iteration 960/1000



Running Scenario 4, Iteration 961/1000



Running Scenario 4, Iteration 962/1000



Running Scenario 4, Iteration 963/1000



Running Scenario 4, Iteration 964/1000



Running Scenario 4, Iteration 965/1000



Running Scenario 4, Iteration 966/1000



Running Scenario 4, Iteration 967/1000



Running Scenario 4, Iteration 968/1000



Running Scenario 4, Iteration 969/1000



Running Scenario 4, Iteration 970/1000



Running Scenario 4, Iteration 971/1000



Running Scenario 4, Iteration 972/1000



Running Scenario 4, Iteration 973/1000



Running Scenario 4, Iteration 974/1000



Running Scenario 4, Iteration 975/1000



Running Scenario 4, Iteration 976/1000



Running Scenario 4, Iteration 977/1000



Running Scenario 4, Iteration 978/1000



Running Scenario 4, Iteration 979/1000



Running Scenario 4, Iteration 980/1000



Running Scenario 4, Iteration 981/1000



Running Scenario 4, Iteration 982/1000



Running Scenario 4, Iteration 983/1000



Running Scenario 4, Iteration 984/1000



Running Scenario 4, Iteration 985/1000



Running Scenario 4, Iteration 986/1000



Running Scenario 4, Iteration 987/1000



Running Scenario 4, Iteration 988/1000



Running Scenario 4, Iteration 989/1000



Running Scenario 4, Iteration 990/1000



Running Scenario 4, Iteration 991/1000



Running Scenario 4, Iteration 992/1000



Running Scenario 4, Iteration 993/1000



Running Scenario 4, Iteration 994/1000



Running Scenario 4, Iteration 995/1000



Running Scenario 4, Iteration 996/1000



Running Scenario 4, Iteration 997/1000



Running Scenario 4, Iteration 998/1000



Running Scenario 4, Iteration 999/1000



Running Scenario 4, Iteration 1000/1000


Results of Simulation


[1] "R2 Control Table"
  Target_R2_X Analytic_R2_X   Sample R2_X   Target_R2_Y Analytic_R2_Y 
    0.4000000     0.4000000     0.4002576     0.6000000     0.6000000 
  Sample R2_Y 
    0.6004815 



[1] "Oracle Distribution"
  mean_Y    var_Y   mean_X    var_X 
1.534847 2.500000 1.000000 1.666667 


[1] "Sample Distributions"
                   y         X          Z1         Z2           Z3          Z4
sample_mean 1.521228 0.9892297 0.001911214 0.01086139 -0.004395588 -0.01295274
sample_sd   1.559296 1.2979842 1.002649353 0.99020932  1.011062978  0.99345004
sample_var  2.431403 1.6847629 1.005305725 0.98051450  1.022248346  0.98694297
                      Z5
sample_mean -0.003613796
sample_sd    1.011433622
sample_var   1.022997972



[1] "Key Oracle Coefficients"
beta_X_LL beta_X_LH beta_X_HL beta_X_HH beta_Y_LL beta_Y_LH beta_Y_HL beta_Y_HH 
0.0000000 0.0000000 0.5773503 0.5773503 0.0000000 0.5773503 0.0000000 0.5773503 
   causal 
0.5348469 



[1] "Oracle Coefficients"
  cause intercept  y         X Z1        Z2        Z3        Z4 Z5
1     1         1 NA 0.5348469  0 0.5773503 0.0000000 0.5773503 NA
2     1         1 NA        NA  0 0.0000000 0.5773503 0.5773503 NA
3     0        NA NA        NA NA        NA        NA        NA NA
4     0        NA NA        NA NA        NA        NA        NA NA
5     0        NA NA        NA NA        NA        NA        NA NA
6     0        NA NA        NA NA        NA        NA        NA NA
7     0        NA NA        NA NA        NA        NA        NA NA


[1] "Sample Coefficients for Y Table"
                 intercept         X            Z1         Z2           Z3
true_values      1.0000000 0.5348469  0.000000e+00 0.57735027 0.000000e+00
linear           1.0002687 0.5345836 -2.919383e-05 0.57735992 2.036561e-04
stepwise         1.0002172 0.5346327 -4.062636e-05 0.57736203 7.965187e-05
stepwise_X       1.0000030 0.5346576  5.223499e-05 0.08777208 1.261235e-04
two_step_LASSO   1.0006562 0.5341932  7.988718e-05 0.57735845 1.097855e-03
two_step_LASSO_X 0.9999667 0.5346569 -2.140778e-04 0.20078164 2.404691e-04
                        Z4            Z5
true_values      0.5773503            NA
linear           0.5776407  4.840202e-05
stepwise         0.5776141 -4.169879e-05
stepwise_X       0.5776611 -2.037772e-04
two_step_LASSO   0.5778663  2.064347e-04
two_step_LASSO_X 0.5775979 -2.852337e-04


[1] "Grouped Sample Coefficients for Y Table"
                 intercept         X          Z_LL       Z_LH         Z_HL
true_values      1.0000000 0.5348469  0.000000e+00 0.57735027 0.000000e+00
linear           1.0002687 0.5345836 -2.919383e-05 0.57735992 2.036561e-04
stepwise         1.0002172 0.5346327 -4.062636e-05 0.57736203 7.965187e-05
stepwise_X       1.0000030 0.5346576  5.223499e-05 0.08777208 1.261235e-04
two_step_LASSO   1.0006562 0.5341932  7.988718e-05 0.57735845 1.097855e-03
two_step_LASSO_X 0.9999667 0.5346569 -2.140778e-04 0.20078164 2.404691e-04
                      Z_HH       Z_dummy
true_values      0.5773503            NA
linear           0.5776407  4.840202e-05
stepwise         0.5776141 -4.169879e-05
stepwise_X       0.5776611 -2.037772e-04
two_step_LASSO   0.5778663  2.064347e-04
two_step_LASSO_X 0.5775979 -2.852337e-04


[1] "Individual Covariate Selection Table"
                 X    Z1    Z2    Z3 Z4    Z5
linear           1 1.000 1.000 1.000  1 1.000
stepwise         1 0.175 1.000 0.147  1 0.165
stepwise_X       1 0.148 0.152 1.000  1 0.152
two_step_LASSO   1 0.411 1.000 0.368  1 0.411
two_step_LASSO_X 1 0.363 0.348 1.000  1 0.364


[1] "Grouped Covariate Selection Table"
                 X  Z_LL  Z_LH  Z_HL Z_HH Z_dummy
linear           1 1.000 1.000 1.000    1   1.000
stepwise         1 0.175 1.000 0.147    1   0.165
stepwise_X       1 0.148 0.152 1.000    1   0.152
two_step_LASSO   1 0.411 1.000 0.368    1   0.411
two_step_LASSO_X 1 0.363 0.348 1.000    1   0.364


[1] "Covariate Selection Dispersion Within Groups Table"
                 X Z_LL Z_LH Z_HL Z_HH Z_dummy
linear           0    0    0    0    0       0
stepwise         0    0    0    0    0       0
stepwise_X       0    0    0    0    0       0
two_step_LASSO   0    0    0    0    0       0
two_step_LASSO_X 0    0    0    0    0       0


[1] "Results Table"
                  pred_mse r_squared_X r_squared_Y    model_SE      emp_SE
linear           0.9986094   0.4002576   0.6004815 0.009998227 0.010356619
stepwise         0.9987369   0.4002576   0.6004304 0.008853528 0.009698516
stepwise_X       1.2815016   0.4002576   0.4872903 0.011310521 0.010947280
two_step_LASSO   0.9986547   0.4002576   0.6004633 0.009149535 0.010134464
two_step_LASSO_X 1.2163011   0.4002576   0.5133746 0.011008344 0.010616935
                 causal_effect_est causal_effect_mcse causal_effect_bias
linear                   0.5345836       0.0003275630      -0.0002633494
stepwise                 0.5346327       0.0003067726      -0.0002142727
stepwise_X               0.5346576       0.0003463048      -0.0001893680
two_step_LASSO           0.5341932       0.0003199726      -0.0006536751
two_step_LASSO_X         0.5346569       0.0003358511      -0.0001900426
                 avg_abs_param_bias coverage open_paths blocked_paths
linear                  0.008883251    0.935          1             1
stepwise                0.006469867    0.923          1             1
stepwise_X              0.076514494    0.953          1             1
two_step_LASSO          0.007675811    0.920          1             1
two_step_LASSO_X        0.060926647    0.951          1             1

Saving results to file

[1] "finished!"
NULL

End Time: Wed Oct 2 15:23:07 BST 2024
***** END *****

