cpu-bind=MASK - bp1-compute104, task  0  0 [4073861]: mask 0x80000080000 set

***** START *****
***** Confounder Handling Simulation Study - Simulation *****
Start Time: Mon Sep 30 11:42:54 BST 2024
Working Directory: /user/home/aa22294/Confounder-Handling-Sim-Study/R
JOB ID: 10301027
SLURM ARRAY ID:

Loading required package: dagitty
Loading required package: dplyr

Attaching package: 'dplyr'

The following objects are masked from 'package:stats':

    filter, lag

The following objects are masked from 'package:base':

    intersect, setdiff, setequal, union

Loading required package: ggcorrplot
Loading required package: ggplot2
Loading required package: glmnet
Loading required package: Matrix
Loaded glmnet 4.1-8
Loading required package: igraph

Attaching package: 'igraph'

The following objects are masked from 'package:dplyr':

    as_data_frame, groups, union

The following object is masked from 'package:dagitty':

    edges

The following objects are masked from 'package:stats':

    decompose, spectrum

The following object is masked from 'package:base':

    union

Loading required package: lars
Loaded lars 1.3

Loading required package: matrixStats

Attaching package: 'matrixStats'

The following object is masked from 'package:dplyr':

    count

Loading required package: microbenchmark
Loading required package: sjmisc
Install package "strengejacke" from GitHub (`devtools::install_github("strengejacke/strengejacke")`) to load all sj-packages at once!
Loading required package: tidyr

Attaching package: 'tidyr'

The following object is masked from 'package:sjmisc':

    replace_na

The following object is masked from 'package:igraph':

    crossing

The following objects are masked from 'package:Matrix':

    expand, pack, unpack

[1] "running!"


Running Scenario 128, Iteration 1/1000



Running Scenario 128, Iteration 2/1000



Running Scenario 128, Iteration 3/1000



Running Scenario 128, Iteration 4/1000



Running Scenario 128, Iteration 5/1000



Running Scenario 128, Iteration 6/1000



Running Scenario 128, Iteration 7/1000



Running Scenario 128, Iteration 8/1000



Running Scenario 128, Iteration 9/1000



Running Scenario 128, Iteration 10/1000



Running Scenario 128, Iteration 11/1000



Running Scenario 128, Iteration 12/1000



Running Scenario 128, Iteration 13/1000



Running Scenario 128, Iteration 14/1000



Running Scenario 128, Iteration 15/1000



Running Scenario 128, Iteration 16/1000



Running Scenario 128, Iteration 17/1000



Running Scenario 128, Iteration 18/1000



Running Scenario 128, Iteration 19/1000



Running Scenario 128, Iteration 20/1000



Running Scenario 128, Iteration 21/1000



Running Scenario 128, Iteration 22/1000



Running Scenario 128, Iteration 23/1000



Running Scenario 128, Iteration 24/1000



Running Scenario 128, Iteration 25/1000



Running Scenario 128, Iteration 26/1000



Running Scenario 128, Iteration 27/1000



Running Scenario 128, Iteration 28/1000



Running Scenario 128, Iteration 29/1000



Running Scenario 128, Iteration 30/1000



Running Scenario 128, Iteration 31/1000



Running Scenario 128, Iteration 32/1000



Running Scenario 128, Iteration 33/1000



Running Scenario 128, Iteration 34/1000



Running Scenario 128, Iteration 35/1000



Running Scenario 128, Iteration 36/1000



Running Scenario 128, Iteration 37/1000



Running Scenario 128, Iteration 38/1000



Running Scenario 128, Iteration 39/1000



Running Scenario 128, Iteration 40/1000



Running Scenario 128, Iteration 41/1000



Running Scenario 128, Iteration 42/1000



Running Scenario 128, Iteration 43/1000



Running Scenario 128, Iteration 44/1000



Running Scenario 128, Iteration 45/1000



Running Scenario 128, Iteration 46/1000



Running Scenario 128, Iteration 47/1000



Running Scenario 128, Iteration 48/1000



Running Scenario 128, Iteration 49/1000



Running Scenario 128, Iteration 50/1000



Running Scenario 128, Iteration 51/1000



Running Scenario 128, Iteration 52/1000



Running Scenario 128, Iteration 53/1000



Running Scenario 128, Iteration 54/1000



Running Scenario 128, Iteration 55/1000



Running Scenario 128, Iteration 56/1000



Running Scenario 128, Iteration 57/1000



Running Scenario 128, Iteration 58/1000



Running Scenario 128, Iteration 59/1000



Running Scenario 128, Iteration 60/1000



Running Scenario 128, Iteration 61/1000



Running Scenario 128, Iteration 62/1000



Running Scenario 128, Iteration 63/1000



Running Scenario 128, Iteration 64/1000



Running Scenario 128, Iteration 65/1000



Running Scenario 128, Iteration 66/1000



Running Scenario 128, Iteration 67/1000



Running Scenario 128, Iteration 68/1000



Running Scenario 128, Iteration 69/1000



Running Scenario 128, Iteration 70/1000



Running Scenario 128, Iteration 71/1000



Running Scenario 128, Iteration 72/1000



Running Scenario 128, Iteration 73/1000



Running Scenario 128, Iteration 74/1000



Running Scenario 128, Iteration 75/1000



Running Scenario 128, Iteration 76/1000



Running Scenario 128, Iteration 77/1000



Running Scenario 128, Iteration 78/1000



Running Scenario 128, Iteration 79/1000



Running Scenario 128, Iteration 80/1000



Running Scenario 128, Iteration 81/1000



Running Scenario 128, Iteration 82/1000



Running Scenario 128, Iteration 83/1000



Running Scenario 128, Iteration 84/1000



Running Scenario 128, Iteration 85/1000



Running Scenario 128, Iteration 86/1000



Running Scenario 128, Iteration 87/1000



Running Scenario 128, Iteration 88/1000



Running Scenario 128, Iteration 89/1000



Running Scenario 128, Iteration 90/1000



Running Scenario 128, Iteration 91/1000



Running Scenario 128, Iteration 92/1000



Running Scenario 128, Iteration 93/1000



Running Scenario 128, Iteration 94/1000



Running Scenario 128, Iteration 95/1000



Running Scenario 128, Iteration 96/1000



Running Scenario 128, Iteration 97/1000



Running Scenario 128, Iteration 98/1000



Running Scenario 128, Iteration 99/1000



Running Scenario 128, Iteration 100/1000



Running Scenario 128, Iteration 101/1000



Running Scenario 128, Iteration 102/1000



Running Scenario 128, Iteration 103/1000



Running Scenario 128, Iteration 104/1000



Running Scenario 128, Iteration 105/1000



Running Scenario 128, Iteration 106/1000



Running Scenario 128, Iteration 107/1000



Running Scenario 128, Iteration 108/1000



Running Scenario 128, Iteration 109/1000



Running Scenario 128, Iteration 110/1000



Running Scenario 128, Iteration 111/1000



Running Scenario 128, Iteration 112/1000



Running Scenario 128, Iteration 113/1000



Running Scenario 128, Iteration 114/1000



Running Scenario 128, Iteration 115/1000



Running Scenario 128, Iteration 116/1000



Running Scenario 128, Iteration 117/1000



Running Scenario 128, Iteration 118/1000



Running Scenario 128, Iteration 119/1000



Running Scenario 128, Iteration 120/1000



Running Scenario 128, Iteration 121/1000



Running Scenario 128, Iteration 122/1000



Running Scenario 128, Iteration 123/1000



Running Scenario 128, Iteration 124/1000



Running Scenario 128, Iteration 125/1000



Running Scenario 128, Iteration 126/1000



Running Scenario 128, Iteration 127/1000



Running Scenario 128, Iteration 128/1000



Running Scenario 128, Iteration 129/1000



Running Scenario 128, Iteration 130/1000



Running Scenario 128, Iteration 131/1000



Running Scenario 128, Iteration 132/1000



Running Scenario 128, Iteration 133/1000



Running Scenario 128, Iteration 134/1000



Running Scenario 128, Iteration 135/1000



Running Scenario 128, Iteration 136/1000



Running Scenario 128, Iteration 137/1000



Running Scenario 128, Iteration 138/1000



Running Scenario 128, Iteration 139/1000



Running Scenario 128, Iteration 140/1000



Running Scenario 128, Iteration 141/1000



Running Scenario 128, Iteration 142/1000



Running Scenario 128, Iteration 143/1000



Running Scenario 128, Iteration 144/1000



Running Scenario 128, Iteration 145/1000



Running Scenario 128, Iteration 146/1000



Running Scenario 128, Iteration 147/1000



Running Scenario 128, Iteration 148/1000



Running Scenario 128, Iteration 149/1000



Running Scenario 128, Iteration 150/1000



Running Scenario 128, Iteration 151/1000



Running Scenario 128, Iteration 152/1000



Running Scenario 128, Iteration 153/1000



Running Scenario 128, Iteration 154/1000



Running Scenario 128, Iteration 155/1000



Running Scenario 128, Iteration 156/1000



Running Scenario 128, Iteration 157/1000



Running Scenario 128, Iteration 158/1000



Running Scenario 128, Iteration 159/1000



Running Scenario 128, Iteration 160/1000



Running Scenario 128, Iteration 161/1000



Running Scenario 128, Iteration 162/1000



Running Scenario 128, Iteration 163/1000



Running Scenario 128, Iteration 164/1000



Running Scenario 128, Iteration 165/1000



Running Scenario 128, Iteration 166/1000



Running Scenario 128, Iteration 167/1000



Running Scenario 128, Iteration 168/1000



Running Scenario 128, Iteration 169/1000



Running Scenario 128, Iteration 170/1000



Running Scenario 128, Iteration 171/1000



Running Scenario 128, Iteration 172/1000



Running Scenario 128, Iteration 173/1000



Running Scenario 128, Iteration 174/1000



Running Scenario 128, Iteration 175/1000



Running Scenario 128, Iteration 176/1000



Running Scenario 128, Iteration 177/1000



Running Scenario 128, Iteration 178/1000



Running Scenario 128, Iteration 179/1000



Running Scenario 128, Iteration 180/1000



Running Scenario 128, Iteration 181/1000



Running Scenario 128, Iteration 182/1000



Running Scenario 128, Iteration 183/1000



Running Scenario 128, Iteration 184/1000



Running Scenario 128, Iteration 185/1000



Running Scenario 128, Iteration 186/1000



Running Scenario 128, Iteration 187/1000



Running Scenario 128, Iteration 188/1000



Running Scenario 128, Iteration 189/1000



Running Scenario 128, Iteration 190/1000



Running Scenario 128, Iteration 191/1000



Running Scenario 128, Iteration 192/1000



Running Scenario 128, Iteration 193/1000



Running Scenario 128, Iteration 194/1000



Running Scenario 128, Iteration 195/1000



Running Scenario 128, Iteration 196/1000



Running Scenario 128, Iteration 197/1000



Running Scenario 128, Iteration 198/1000



Running Scenario 128, Iteration 199/1000



Running Scenario 128, Iteration 200/1000



Running Scenario 128, Iteration 201/1000



Running Scenario 128, Iteration 202/1000



Running Scenario 128, Iteration 203/1000



Running Scenario 128, Iteration 204/1000



Running Scenario 128, Iteration 205/1000



Running Scenario 128, Iteration 206/1000



Running Scenario 128, Iteration 207/1000



Running Scenario 128, Iteration 208/1000



Running Scenario 128, Iteration 209/1000



Running Scenario 128, Iteration 210/1000



Running Scenario 128, Iteration 211/1000



Running Scenario 128, Iteration 212/1000



Running Scenario 128, Iteration 213/1000



Running Scenario 128, Iteration 214/1000



Running Scenario 128, Iteration 215/1000



Running Scenario 128, Iteration 216/1000



Running Scenario 128, Iteration 217/1000



Running Scenario 128, Iteration 218/1000



Running Scenario 128, Iteration 219/1000



Running Scenario 128, Iteration 220/1000



Running Scenario 128, Iteration 221/1000



Running Scenario 128, Iteration 222/1000



Running Scenario 128, Iteration 223/1000



Running Scenario 128, Iteration 224/1000



Running Scenario 128, Iteration 225/1000



Running Scenario 128, Iteration 226/1000



Running Scenario 128, Iteration 227/1000



Running Scenario 128, Iteration 228/1000



Running Scenario 128, Iteration 229/1000



Running Scenario 128, Iteration 230/1000



Running Scenario 128, Iteration 231/1000



Running Scenario 128, Iteration 232/1000



Running Scenario 128, Iteration 233/1000



Running Scenario 128, Iteration 234/1000



Running Scenario 128, Iteration 235/1000



Running Scenario 128, Iteration 236/1000



Running Scenario 128, Iteration 237/1000



Running Scenario 128, Iteration 238/1000



Running Scenario 128, Iteration 239/1000



Running Scenario 128, Iteration 240/1000



Running Scenario 128, Iteration 241/1000



Running Scenario 128, Iteration 242/1000



Running Scenario 128, Iteration 243/1000



Running Scenario 128, Iteration 244/1000



Running Scenario 128, Iteration 245/1000



Running Scenario 128, Iteration 246/1000



Running Scenario 128, Iteration 247/1000



Running Scenario 128, Iteration 248/1000



Running Scenario 128, Iteration 249/1000



Running Scenario 128, Iteration 250/1000



Running Scenario 128, Iteration 251/1000



Running Scenario 128, Iteration 252/1000



Running Scenario 128, Iteration 253/1000

slurmstepd: error: *** JOB 10301027 ON bp1-compute104 CANCELLED AT 2024-10-02T11:42:58 DUE TO TIME LIMIT ***
